Looking for git in: git
Using git 2.28.0 from git
> git rev-parse --git-dir
Open repository: /home/anurag/Anurag/Workspace/React/react-assignment-one
> git status -z -u
> git symbolic-ref --short HEAD
> git rev-parse master
> git rev-parse --symbolic-full-name master@{u}
fatal: no upstream configured for branch 'master'
> git for-each-ref --sort -committerdate --format %(refname) %(objectname)
> git remote --verbose
> git config --get commit.template
> git config --local branch.master.github-pr-owner-number
> git check-ignore -v -z --stdin
> git status -z -u
> git symbolic-ref --short HEAD
> git rev-parse master
> git rev-parse --symbolic-full-name master@{u}
fatal: no upstream configured for branch 'master'
> git for-each-ref --sort -committerdate --format %(refname) %(objectname)
> git remote --verbose
> git config --get commit.template
> git check-ignore -v -z --stdin
> git show --textconv :src/App.js
> git ls-files --stage -- /home/anurag/Anurag/Workspace/React/react-assignment-one/src/App.js
> git cat-file -s ce9cbd2946d6962cfc19d65c8cb91757d8f4d4c6
> git check-ignore -v -z --stdin
> git check-ignore -v -z --stdin
> git check-ignore -v -z --stdin
> git check-ignore -v -z --stdin
> git log --format=%H%n%aN%n%aE%n%at%n%ct%n%P%n%B -z -n21 -- /home/anurag/Anurag/Workspace/React/react-assignment-one/src/App.js
> git status -z -u
> git symbolic-ref --short HEAD
> git rev-parse master
> git rev-parse --symbolic-full-name master@{u}
fatal: no upstream configured for branch 'master'
> git for-each-ref --sort -committerdate --format %(refname) %(objectname)
> git remote --verbose
> git config --get commit.template
> git status -z -u
> git symbolic-ref --short HEAD
> git rev-parse master
> git rev-parse --symbolic-full-name master@{u}
fatal: no upstream configured for branch 'master'
> git for-each-ref --sort -committerdate --format %(refname) %(objectname)
> git remote --verbose
> git config --get commit.template
> git show --textconv :src/UserInput
> git ls-files --stage -- /home/anurag/Anurag/Workspace/React/react-assignment-one/src/UserInput
> git check-ignore -v -z --stdin
> git show --textconv :src/UserInput.js
> git ls-files --stage -- /home/anurag/Anurag/Workspace/React/react-assignment-one/src/UserInput.js
> git check-ignore -v -z --stdin
> git show --textconv :src/App.js
> git ls-files --stage -- /home/anurag/Anurag/Workspace/React/react-assignment-one/src/App.js
> git cat-file -s ce9cbd2946d6962cfc19d65c8cb91757d8f4d4c6
> git show --textconv :src/UserInput.js
> git ls-files --stage -- /home/anurag/Anurag/Workspace/React/react-assignment-one/src/UserInput.js
> git show --textconv :src/App.js
> git ls-files --stage -- /home/anurag/Anurag/Workspace/React/react-assignment-one/src/App.js
> git cat-file -s ce9cbd2946d6962cfc19d65c8cb91757d8f4d4c6
> git show --textconv :src/UserInput.js
> git ls-files --stage -- /home/anurag/Anurag/Workspace/React/react-assignment-one/src/UserInput.js
> git show --textconv :src/UserOutput.js
> git ls-files --stage -- /home/anurag/Anurag/Workspace/React/react-assignment-one/src/UserOutput.js
> git check-ignore -v -z --stdin
> git show --textconv :src/App.js
> git ls-files --stage -- /home/anurag/Anurag/Workspace/React/react-assignment-one/src/App.js
> git cat-file -s ce9cbd2946d6962cfc19d65c8cb91757d8f4d4c6
> git check-ignore -v -z --stdin
> git add -A -- .
